<?xml version="1.0" encoding="UTF-8"?>
<testsuite name="Test.ReinsuranceTreaty.Sprint1.PANP20920" tests="1" skipped="0" failures="0" errors="0" timestamp="2017-10-04T22:57:08" hostname="VICMELBLP99" time="284.143">
  <properties/>
  <testcase name="createReinsuranceTreatyRule" classname="Test.ReinsuranceTreaty.Sprint1.PANP20920" time="284.143"/>
  <system-out><![CDATA[]]></system-out>
  <system-err><![CDATA[Starting ChromeDriver 2.31.488763 (092de99f48a300323ecf8c2a4e2e7cab51de5ba8) on port 36161
Only local connections are allowed.
Oct 05, 2017 9:57:15 AM org.openqa.selenium.remote.ProtocolHandshake createSession
INFO: Detected dialect: OSS
]]></system-err>
</testsuite>
