<?xml version="1.0" encoding="UTF-8"?>
<testsuite name="Test.CreateNewOrganisationParty.PANP25553" tests="1" skipped="0" failures="0" errors="0" timestamp="2017-10-04T22:54:54" hostname="VICMELBLP99" time="341.709">
  <properties/>
  <testcase name="createNewReassurerWithTreaty" classname="Test.CreateNewOrganisationParty.PANP25553" time="341.709"/>
  <system-out><![CDATA[Reassurer Customer Number: C100134016
Reassurer Customer Name: be66e8ee-a7a0-4e1e-8903-2a26052b855b
Treaty Reference Name: 463536fc
]]></system-out>
  <system-err><![CDATA[Starting ChromeDriver 2.31.488763 (092de99f48a300323ecf8c2a4e2e7cab51de5ba8) on port 8154
Only local connections are allowed.
Oct 05, 2017 9:55:01 AM org.openqa.selenium.remote.ProtocolHandshake createSession
INFO: Detected dialect: OSS
[272.066][SEVERE]: Unable to receive message from renderer
]]></system-err>
</testsuite>
