<?xml version="1.0" encoding="UTF-8"?>
<testsuite name="Test.TakeMakeCall.Sprint1.PANP21532" tests="1" skipped="0" failures="0" errors="0" timestamp="2017-10-04T23:06:45" hostname="VICMELBLP99" time="64.505">
  <properties/>
  <testcase name="takeCall" classname="Test.TakeMakeCall.Sprint1.PANP21532" time="64.505"/>
  <system-out><![CDATA[]]></system-out>
  <system-err><![CDATA[Starting ChromeDriver 2.31.488763 (092de99f48a300323ecf8c2a4e2e7cab51de5ba8) on port 7741
Only local connections are allowed.
Oct 05, 2017 10:06:48 AM org.openqa.selenium.remote.ProtocolHandshake createSession
INFO: Detected dialect: OSS
]]></system-err>
</testsuite>
